[14:05:38] [ServerMain/INFO]: Environment: Environment[sessionHost=https://sessionserver.mojang.com, servicesHost=https://api.minecraftservices.com, name=PROD]
[14:05:40] [ServerMain/INFO]: Loaded 1290 recipes
[14:05:41] [ServerMain/INFO]: Loaded 1399 advancements
[14:05:41] [Server thread/INFO]: Starting minecraft server version 1.21.1
[14:05:41] [Server thread/INFO]: Loading properties
[14:05:41] [Server thread/INFO]: Default game type: SURVIVAL
[14:05:41] [Server thread/INFO]: Generating keypair
[14:05:42] [Server thread/INFO]: Starting Minecraft server on *:25565
[14:05:42] [Server thread/INFO]: Using epoll channel type
[14:05:42] [Server thread/WARN]: **** SERVER IS RUNNING IN OFFLINE/INSECURE MODE!
[14:05:42] [Server thread/WARN]: The server will make no attempt to authenticate usernames. Beware.
[14:05:42] [Server thread/WARN]: While this makes the game possible to play without internet access, it also opens up the ability for hackers to connect with any username they choose.
[14:05:42] [Server thread/WARN]: To change this, set "online-mode" to "true" in the server.properties file.
[14:05:42] [Server thread/INFO]: Preparing level "world"
[14:05:48] [Server thread/INFO]: Preparing start region for dimension minecraft:overworld
[14:05:49] [Worker-Main-1/INFO]: Preparing spawn area: 0%
[14:05:49] [Worker-Main-1/INFO]: Preparing spawn area: 0%
[14:05:49] [Server thread/INFO]: Time elapsed: 980 ms
[14:05:49] [Server thread/INFO]: Done (7.594s)! For help, type "help"
[14:06:23] [Server thread/INFO]: bankaionma727[/192.168.192.164:56049] logged in with entity id 14 at (-83.5, 71.0, -15.5)
[14:06:24] [Server thread/INFO]: bankaionma727 joined the game
[14:07:43] [Server thread/INFO]: bankaionma727 lost connection: Disconnected
[14:07:43] [Server thread/INFO]: bankaionma727 left the game
[14:24:33] [Server thread/INFO]: Stopping the server
[14:24:33] [Server thread/INFO]: Stopping server
[14:24:33] [Server thread/INFO]: Saving players
[14:24:33] [Server thread/INFO]: Saving worlds
[14:24:33] [Server thread/INFO]: Saving chunks for level 'ServerLevel[world]'/minecraft:overworld
[14:24:34] [Server thread/INFO]: Saving chunks for level 'ServerLevel[world]'/minecraft:the_nether
[14:24:34] [Server thread/INFO]: Saving chunks for level 'ServerLevel[world]'/minecraft:the_end
[14:24:34] [Server thread/INFO]: ThreadedAnvilChunkStorage (world): All chunks are saved
[14:24:34] [Server thread/INFO]: ThreadedAnvilChunkStorage (DIM-1): All chunks are saved
[14:24:34] [Server thread/INFO]: ThreadedAnvilChunkStorage (DIM1): All chunks are saved
[14:24:34] [Server thread/INFO]: ThreadedAnvilChunkStorage: All dimensions are saved
